23:05:20 **** Incremental Build of configuration Nios II for project niosLab3 ****
make all 
Info: Building ../niosLab3_bsp/
C:/intelFPGA_lite/18.1/nios2eds/bin/gnu/H-x86_64-mingw32/bin/make --no-print-directory -C ../niosLab3_bsp/
[BSP build complete]
Info: Compiling hello_world.c to obj/default/hello_world.o
nios2-elf-gcc -xc -MP -MMD -c -I../niosLab3_bsp//HAL/inc -I../niosLab3_bsp/ -I../niosLab3_bsp//drivers/inc  -pipe -D__hal__ -DALT_NO_INSTRUCTION_EMULATION -DALT_SINGLE_THREADED -DALTERA_AVALON_JTAG_UART_SMALL    -O0 -g -Wall   -mno-hw-div -mno-hw-mul -mno-hw-mulx -mgpopt=global  -o obj/default/hello_world.o hello_world.c
hello_world.c: In function 'main':
hello_world.c:23:11: warning: implicit declaration of function 'usleep' [-Wimplicit-function-declaration]
           usleep(500000); // remover durante a simulação
           ^
Info: Linking niosLab3.elf
nios2-elf-g++  -T'../niosLab3_bsp//linker.x' -msys-crt0='../niosLab3_bsp//obj/HAL/src/crt0.o' -msys-lib=hal_bsp -L../niosLab3_bsp/   -Wl,-Map=niosLab3.map   -O0 -g -Wall   -mno-hw-div -mno-hw-mul -mno-hw-mulx -mgpopt=global  -o niosLab3.elf obj/default/hello_world.o -lm -msys-lib=m
nios2-elf-insert niosLab3.elf --thread_model hal --cpu_name nios2_gen2_0 --qsys true --simulation_enabled false --stderr_dev jtag_uart_0 --stdin_dev jtag_uart_0 --stdout_dev jtag_uart_0 --sopc_system_name niosLab2 --quartus_project_dir "C:/Users/guipl/Desktop/INSPER/embed/SoC-Linux-Emb/Lab3_FPGA_IP" --jdi ../..//output_files/Lab1_FPGA_RTL.jdi --sopcinfo C:/Users/guipl/Desktop/INSPER/embed/SoC-Linux-Emb/Lab3_FPGA_IP/software/niosLab3_bsp/../../niosLab2.sopcinfo
Info: (niosLab3.elf) 20 KBytes program size (code + initialized data).
Info:                8820 Bytes free for stack + heap.
Info: Creating niosLab3.objdump
nios2-elf-objdump --disassemble --syms --all-header --source niosLab3.elf >niosLab3.objdump
[niosLab3 build complete]

23:05:26 Build Finished (took 5s.760ms)

